[INFO] Scanning for projects...
[INFO] 
[INFO] ---------------------< com.topcoder.commons:utils >---------------------
[INFO] Building utils 0.0.1-SNAPSHOT
[INFO] --------------------------------[ jar ]---------------------------------
[INFO] 
[INFO] --- maven-clean-plugin:2.5:clean (default-clean) @ utils ---
[INFO] Deleting /Users/hungrated/Documents/Codes/IDEA/utils/target
[INFO] 
[INFO] --- maven-resources-plugin:2.6:resources (default-resources) @ utils ---
[WARNING] Using platform encoding (UTF-8 actually) to copy filtered resources, i.e. build is platform dependent!
[INFO] Copying 3 resources
[INFO] 
[INFO] --- maven-compiler-plugin:3.1:compile (default-compile) @ utils ---
[INFO] Changes detected - recompiling the module!
[WARNING] File encoding has not been set, using platform encoding UTF-8, i.e. build is platform dependent!
[INFO] Compiling 5 source files to /Users/hungrated/Documents/Codes/IDEA/utils/target/classes
[WARNING] /Users/hungrated/Documents/Codes/IDEA/utils/src/main/java/com/topcoder/commons/utils/Log4jUtility.java: /Users/hungrated/Documents/Codes/IDEA/utils/src/main/java/com/topcoder/commons/utils/Log4jUtility.java使用或覆盖了已过时的 API。
[WARNING] /Users/hungrated/Documents/Codes/IDEA/utils/src/main/java/com/topcoder/commons/utils/Log4jUtility.java: 有关详细信息, 请使用 -Xlint:deprecation 重新编译。
[INFO] 
[INFO] --- maven-resources-plugin:2.6:testResources (default-testResources) @ utils ---
[WARNING] Using platform encoding (UTF-8 actually) to copy filtered resources, i.e. build is platform dependent!
[INFO] skip non existing resourceDirectory /Users/hungrated/Documents/Codes/IDEA/utils/src/test/resources
[INFO] 
[INFO] --- maven-compiler-plugin:3.1:testCompile (default-testCompile) @ utils ---
[INFO] Changes detected - recompiling the module!
[WARNING] File encoding has not been set, using platform encoding UTF-8, i.e. build is platform dependent!
[INFO] Compiling 3 source files to /Users/hungrated/Documents/Codes/IDEA/utils/target/test-classes
[INFO] 
[INFO] --- maven-surefire-plugin:2.12.4:test (default-test) @ utils ---
[INFO] Surefire report directory: /Users/hungrated/Documents/Codes/IDEA/utils/target/surefire-reports

-------------------------------------------------------
 T E S T S
-------------------------------------------------------
Running com.topcoder.commons.utils.ValidationUtilityTest
Tests run: 46, Failures: 0, Errors: 0, Skipped: 0, Time elapsed: 0.087 sec
Running com.topcoder.commons.utils.Log4jUtilityTest
DEBUG [main] - Entering method [className#methodName].
DEBUG [main] - Input parameters [param1:value1 ,param2:value2 ,param3:value3]
DEBUG [main] - Entering method [className#methodName].
DEBUG [main] - Exiting method [className#methodName].
DEBUG [main] - Output parameter: value1
DEBUG [main] - Exiting method [className#methodName].
DEBUG [main] - Exiting method [className#methodName], time spent in the method: 0 milliseconds.
DEBUG [main] - Output parameter: value1
ERROR [main] - Error in method [className#methodName], details: null
java.lang.Exception
	at com.topcoder.commons.utils.Log4jUtilityTest.setUp(Log4jUtilityTest.java:38)
	at sun.reflect.NativeMethodAccessorImpl.invoke0(Native Method)
	at sun.reflect.NativeMethodAccessorImpl.invoke(NativeMethodAccessorImpl.java:62)
	at sun.reflect.DelegatingMethodAccessorImpl.invoke(DelegatingMethodAccessorImpl.java:43)
	at java.lang.reflect.Method.invoke(Method.java:498)
	at org.junit.internal.runners.BeforeAndAfterRunner.invokeMethod(BeforeAndAfterRunner.java:74)
	at org.junit.internal.runners.BeforeAndAfterRunner.runBefores(BeforeAndAfterRunner.java:50)
	at org.junit.internal.runners.BeforeAndAfterRunner.runProtected(BeforeAndAfterRunner.java:33)
	at org.junit.internal.runners.TestMethodRunner.runMethod(TestMethodRunner.java:75)
	at org.junit.internal.runners.TestMethodRunner.run(TestMethodRunner.java:45)
	at org.junit.internal.runners.TestClassMethodsRunner.invokeTestMethod(TestClassMethodsRunner.java:66)
	at org.junit.internal.runners.TestClassMethodsRunner.run(TestClassMethodsRunner.java:35)
	at org.junit.internal.runners.TestClassRunner$1.runUnprotected(TestClassRunner.java:42)
	at org.junit.internal.runners.BeforeAndAfterRunner.runProtected(BeforeAndAfterRunner.java:34)
	at org.junit.internal.runners.TestClassRunner.run(TestClassRunner.java:52)
	at org.apache.maven.surefire.junit4.JUnit4Provider.execute(JUnit4Provider.java:252)
	at org.apache.maven.surefire.junit4.JUnit4Provider.executeTestSet(JUnit4Provider.java:141)
	at org.apache.maven.surefire.junit4.JUnit4Provider.invoke(JUnit4Provider.java:112)
	at sun.reflect.NativeMethodAccessorImpl.invoke0(Native Method)
	at sun.reflect.NativeMethodAccessorImpl.invoke(NativeMethodAccessorImpl.java:62)
	at sun.reflect.DelegatingMethodAccessorImpl.invoke(DelegatingMethodAccessorImpl.java:43)
	at java.lang.reflect.Method.invoke(Method.java:498)
	at org.apache.maven.surefire.util.ReflectionUtils.invokeMethodWithArray(ReflectionUtils.java:189)
	at org.apache.maven.surefire.booter.ProviderFactory$ProviderProxy.invoke(ProviderFactory.java:165)
	at org.apache.maven.surefire.booter.ProviderFactory.invokeProvider(ProviderFactory.java:85)
	at org.apache.maven.surefire.booter.ForkedBooter.runSuitesInProcess(ForkedBooter.java:115)
	at org.apache.maven.surefire.booter.ForkedBooter.main(ForkedBooter.java:75)

Tests run: 3, Failures: 0, Errors: 0, Skipped: 0, Time elapsed: 0.064 sec
Running com.topcoder.commons.utils.PropertiesUtilityTest
Tests run: 21, Failures: 0, Errors: 0, Skipped: 0, Time elapsed: 0.048 sec

Results :

Tests run: 70, Failures: 0, Errors: 0, Skipped: 0

[INFO] ------------------------------------------------------------------------
[INFO] BUILD SUCCESS
[INFO] ------------------------------------------------------------------------
[INFO] Total time: 2.305 s
[INFO] Finished at: 2018-10-21T20:48:46+08:00
[INFO] ------------------------------------------------------------------------
